"../../../Engine/Content/EngineMaterials/T_Default_Material_Grid_N.uasset" 0
"../../../Engine/Content/EngineMaterials/T_Default_Material_Grid_M.uasset" 1
"../../../Engine/Content/Functions/Engine_MaterialFunctions01/Opacity/CameraDepthFade.uasset" 2
"../../../Engine/Content/EngineMaterials/WorldGridMaterial.uasset" 3
"../../../Engine/Content/BasicShapes/Plane.uasset" 4
"../../../../../../Users/mizukami/Documents/LostTreasures/LostTreasures/Content/FirstPerson/Meshes/M_Water.uasset" 5
"../../../../../../Users/mizukami/Documents/LostTreasures/LostTreasures/Content/FirstPerson/Blueprints/BP_Ocean.uasset" 6
"../../../../../../Users/mizukami/Documents/LostTreasures/LostTreasures/Content/FirstPerson/Meshes/M_Steering_South.uasset" 7
"../../../../../../Users/mizukami/Documents/LostTreasures/LostTreasures/Content/FirstPerson/Meshes/M_Steering_North.uasset" 8
"../../../Engine/Content/BasicShapes/BasicShapeMaterial.uasset" 9
"../../../Engine/Content/EngineMaterials/DefaultMaterial.uasset" 10
"../../../Engine/Content/BasicShapes/Cylinder.uasset" 11
"../../../../../../Users/mizukami/Documents/LostTreasures/LostTreasures/Content/FirstPerson/Blueprints/BP_SteeringWheel_Revamp.uasset" 12
"../../../../../../Users/mizukami/Documents/LostTreasures/LostTreasures/Content/FirstPerson/Blueprints/BP_SteeringWheel.uasset" 13
"../../../Engine/Content/MapTemplates/Materials/BasicAsset03.uasset" 14
"../../../Engine/Content/BasicShapes/Cube.uasset" 15
"../../../../../../Users/mizukami/Documents/LostTreasures/LostTreasures/Content/FirstPerson/Blueprints/BP_TreasureZone.uasset" 16
"../../../../../../Users/mizukami/Documents/LostTreasures/LostTreasures/Content/FirstPerson/Blueprints/BP_TreasureZones.uasset" 17
"../../../Engine/Content/EditorBlueprintResources/StandardMacros.uasset" 18
"../../../../../../Users/mizukami/Documents/LostTreasures/LostTreasures/Content/FirstPerson/Character/Mesh/SK_Mannequin_Arms_Skeleton.uasset" 19
"../../../../../../Users/mizukami/Documents/LostTreasures/LostTreasures/Content/FirstPerson/Animations/FirstPerson_Run.uasset" 20
"../../../../../../Users/mizukami/Documents/LostTreasures/LostTreasures/Content/FirstPerson/Animations/FirstPerson_JumpStart.uasset" 21
"../../../../../../Users/mizukami/Documents/LostTreasures/LostTreasures/Content/FirstPerson/Animations/FirstPerson_JumpLoop.uasset" 22
"../../../../../../Users/mizukami/Documents/LostTreasures/LostTreasures/Content/FirstPerson/Animations/FirstPerson_JumpEnd.uasset" 23
"../../../../../../Users/mizukami/Documents/LostTreasures/LostTreasures/Content/FirstPerson/Animations/FirstPerson_Idle.uasset" 24
"../../../../../../Users/mizukami/Documents/LostTreasures/LostTreasures/Content/FirstPerson/Animations/FirstPerson_AnimBP.uasset" 25
"../../../../../../Users/mizukami/Documents/LostTreasures/LostTreasures/Content/FirstPerson/Character/Mesh/FirstPersonAnimBlueprint_Copy.uasset" 26
"../../../../../../Users/mizukami/Documents/LostTreasures/LostTreasures/Content/FirstPerson/Character/Textures/UE4_Mannequin_MAT_MASKA.uasset" 27
"../../../../../../Users/mizukami/Documents/LostTreasures/LostTreasures/Content/FirstPerson/Character/Textures/UE4_Mannequin__normals.uasset" 28
"../../../../../../Users/mizukami/Documents/LostTreasures/LostTreasures/Content/FirstPerson/Character/Materials/MaterialLayers/T_ML_Aluminum01_N.uasset" 29
"../../../../../../Users/mizukami/Documents/LostTreasures/LostTreasures/Content/FirstPerson/Character/Materials/MaterialLayers/T_ML_Aluminum01.uasset" 30
"../../../../../../Users/mizukami/Documents/LostTreasures/LostTreasures/Content/FirstPerson/Character/Materials/MaterialLayers/ML_SoftMetal_UE4.uasset" 31
"../../../../../../Users/mizukami/Documents/LostTreasures/LostTreasures/Content/FirstPerson/Character/Textures/UE4_LOGO_CARD.uasset" 32
"../../../../../../Users/mizukami/Documents/LostTreasures/LostTreasures/Content/FirstPerson/Character/Materials/MaterialLayers/ML_Plastic_Shiny_Beige_LOGO.uasset" 33
"../../../../../../Users/mizukami/Documents/LostTreasures/LostTreasures/Content/FirstPerson/Character/Materials/MaterialLayers/ML_Plastic_Shiny_Beige.uasset" 34
"../../../../../../Users/mizukami/Documents/LostTreasures/LostTreasures/Content/FirstPerson/Character/Materials/MaterialLayers/T_ML_Rubber_Blue_01_N.uasset" 35
"../../../../../../Users/mizukami/Documents/LostTreasures/LostTreasures/Content/FirstPerson/Character/Materials/MaterialLayers/T_ML_Rubber_Blue_01_D.uasset" 36
"../../../../../../Users/mizukami/Documents/LostTreasures/LostTreasures/Content/FirstPerson/Character/Materials/MaterialLayers/ML_GlossyBlack_Latex_UE4.uasset" 37
"../../../Engine/Content/Functions/MaterialLayerFunctions/MatLayerBlend_Simple.uasset" 38
"../../../Engine/Content/Functions/Engine_MaterialFunctions02/Utility/BlendAngleCorrectedNormals.uasset" 39
"../../../Engine/Content/Functions/MaterialLayerFunctions/MatLayerBlend_NormalBlend.uasset" 40
"../../../../../../Users/mizukami/Documents/LostTreasures/LostTreasures/Content/FirstPerson/Character/Materials/M_UE4Man_Body.uasset" 41
"../../../../../../Users/mizukami/Documents/LostTreasures/LostTreasures/Content/FirstPerson/Character/Mesh/SK_Mannequin_Arms_PhysicsAsset.uasset" 42
"../../../../../../Users/mizukami/Documents/LostTreasures/LostTreasures/Content/FirstPerson/Character/Mesh/SK_Mannequin_Arms.uasset" 43
"../../../../../../Users/mizukami/Documents/LostTreasures/LostTreasures/Content/FirstPerson/FPWeapon/Materials/MaterialLayers/ML_Plastic_Shiny_Beige_LOGO.uasset" 44
"../../../../../../Users/mizukami/Documents/LostTreasures/LostTreasures/Content/FirstPerson/FPWeapon/Materials/MaterialLayers/T_ML_FineRubber.uasset" 45
"../../../../../../Users/mizukami/Documents/LostTreasures/LostTreasures/Content/FirstPerson/FPWeapon/Mesh/SK_FPGun_Skeleton.uasset" 46
"../../../../../../Users/mizukami/Documents/LostTreasures/LostTreasures/Content/FirstPerson/FPWeapon/Textures/T_FPGun_N.uasset" 47
"../../../../../../Users/mizukami/Documents/LostTreasures/LostTreasures/Content/FirstPerson/FPWeapon/Textures/T_FPGun_M.uasset" 48
"../../../../../../Users/mizukami/Documents/LostTreasures/LostTreasures/Content/FirstPerson/FPWeapon/Materials/MaterialLayers/T_ML_Aluminum01_N.uasset" 49
"../../../../../../Users/mizukami/Documents/LostTreasures/LostTreasures/Content/FirstPerson/FPWeapon/Materials/MaterialLayers/T_ML_Aluminum01.uasset" 50
"../../../../../../Users/mizukami/Documents/LostTreasures/LostTreasures/Content/FirstPerson/FPWeapon/Materials/MaterialLayers/ML_SoftMetal_UE4.uasset" 51
"../../../../../../Users/mizukami/Documents/LostTreasures/LostTreasures/Content/FirstPerson/FPWeapon/Materials/MaterialLayers/ML_Screen.uasset" 52
"../../../../../../Users/mizukami/Documents/LostTreasures/LostTreasures/Content/FirstPerson/FPWeapon/Materials/MaterialLayers/ML_Plastic_Shiny_Beige.uasset" 53
"../../../../../../Users/mizukami/Documents/LostTreasures/LostTreasures/Content/FirstPerson/FPWeapon/Materials/MaterialLayers/T_ML_Rubber_Blue_01_N.uasset" 54
"../../../../../../Users/mizukami/Documents/LostTreasures/LostTreasures/Content/FirstPerson/FPWeapon/Materials/MaterialLayers/T_ML_Rubber_Blue_01_D.uasset" 55
"../../../../../../Users/mizukami/Documents/LostTreasures/LostTreasures/Content/FirstPerson/FPWeapon/Materials/MaterialLayers/ML_GlossyBlack_Latex_UE4.uasset" 56
"../../../../../../Users/mizukami/Documents/LostTreasures/LostTreasures/Content/FirstPerson/FPWeapon/Materials/M_FPGun.uasset" 57
"../../../../../../Users/mizukami/Documents/LostTreasures/LostTreasures/Content/FirstPerson/FPWeapon/Mesh/SK_FPGun.uasset" 58
"../../../../../../Users/mizukami/Documents/LostTreasures/LostTreasures/Content/FirstPerson/FPWeapon/Mesh/SK_FPGun_PhysicsAsset.uasset" 59
"../../../../../../Users/mizukami/Documents/LostTreasures/LostTreasures/Content/FirstPerson/Meshes/BaseMaterial.uasset" 60
"../../../../../../Users/mizukami/Documents/LostTreasures/LostTreasures/Content/FirstPerson/Meshes/CubeMaterialOverride.uasset" 61
"../../../../../../Users/mizukami/Documents/LostTreasures/LostTreasures/Content/FirstPerson/Meshes/M_Boat_Base.uasset" 62
"../../../../../../Users/mizukami/Documents/LostTreasures/LostTreasures/Content/FirstPersonBP/FirstPersonOverview.uasset" 63
"../../../../../../Users/mizukami/Documents/LostTreasures/LostTreasures/Content/Geometry/Meshes/CubeMaterial.uasset" 64
"../../../../../../Users/mizukami/Documents/LostTreasures/LostTreasures/Content/Geometry/Meshes/1M_Cube_Chamfer.uasset" 65
"../../../../../../Users/mizukami/Documents/LostTreasures/LostTreasures/Content/Geometry/Meshes/TemplateFloor.uasset" 66
"../../../Engine/Content/Animation/DefaultAnimBoneCompressionSettings.uasset" 67
"../../../Engine/Content/Animation/DefaultAnimCurveCompressionSettings.uasset" 68
"../../../Engine/Content/ArtTools/RenderToTexture/Meshes/S_1_Unit_Plane.uasset" 69
"../../../Engine/Content/EditorLandscapeResources/DataLayer.uasset" 70
"../../../Engine/Content/EditorLandscapeResources/DefaultAlphaTexture.uasset" 71
"../../../Engine/Content/EditorMaterials/MAT_Groups_Toggle.uasset" 72
"../../../Engine/Content/EditorMaterials/MAT_Groups_Visibility.uasset" 73
"../../../Engine/Content/EditorMaterials/PreviewShadowIndicator.uasset" 74
"../../../Engine/Content/EditorMaterials/PreviewShadowIndicatorMaterial.uasset" 75
"../../../Engine/Content/EditorMaterials/MatineeGroups/MAT_ColorTrack.uasset" 76
"../../../Engine/Content/EditorMaterials/MatineeGroups/MAT_Groups_Anim.uasset" 77
"../../../Engine/Content/EditorMaterials/MatineeGroups/MAT_Groups_AudioMaster.uasset" 78
"../../../Engine/Content/EditorMaterials/MatineeGroups/MAT_Groups_Director.uasset" 79
"../../../Engine/Content/EditorMaterials/MatineeGroups/MAT_Groups_Event.uasset" 80
"../../../Engine/Content/EditorMaterials/MatineeGroups/MAT_Groups_Fade.uasset" 81
"../../../Engine/Content/EditorMaterials/MatineeGroups/MAT_Groups_Float.uasset" 82
"../../../Engine/Content/EditorMaterials/MatineeGroups/MAT_Groups_Move.uasset" 83
"../../../Engine/Content/EditorMaterials/MatineeGroups/MAT_Groups_Slomo.uasset" 84
"../../../Engine/Content/EditorMaterials/MatineeGroups/MAT_Groups_Sound.uasset" 85
"../../../Engine/Content/EditorMaterials/MatineeGroups/MAT_Groups_Vector.uasset" 86
"../../../Engine/Content/EditorMaterials/ParticleSystems/PSysThumbnail_NoImage.uasset" 87
"../../../Engine/Content/EditorMaterials/ParticleSystems/PSysThumbnail_OOD.uasset" 88
"../../../Engine/Content/EditorMaterials/Camera/CineMat.uasset" 89
"../../../Engine/Content/EditorMaterials/Camera/MI_CineMat_Rig.uasset" 90
"../../../Engine/Content/EditorMeshes/Camera/SM_CraneRig_Arm.uasset" 91
"../../../Engine/Content/EditorMeshes/Camera/SM_CraneRig_Base.uasset" 92
"../../../Engine/Content/EditorMeshes/Camera/SM_CraneRig_Body.uasset" 93
"../../../Engine/Content/EditorMeshes/Camera/SM_CraneRig_Mount.uasset" 94
"../../../Engine/Content/EditorMeshes/Camera/SM_RailRig_Mount.uasset" 95
"../../../Engine/Content/EditorMeshes/Camera/SM_RailRig_Track.uasset" 96
"../../../Engine/Content/EditorResources/BSPVertex.uasset" 97
"../../../Engine/Content/EditorResources/EmptyActor.uasset" 98
"../../../Engine/Content/EditorResources/S_Actor.uasset" 99
"../../../Engine/Content/EditorResources/S_Note.uasset" 100
"../../../Engine/Content/EditorResources/S_Solver.uasset" 101
"../../../Engine/Content/EditorResources/S_Terrain.uasset" 102
"../../../Engine/Content/EditorResources/S_Trigger.uasset" 103
"../../../Engine/Content/EditorResources/LightIcons/S_LightError.uasset" 104
"../../../Engine/Content/EditorResources/SequenceRecorder/Countdown.uasset" 105
"../../../Engine/Content/EditorResources/SequenceRecorder/RecordingIndicator.uasset" 106
"../../../Engine/Content/EngineDamageTypes/DmgTypeBP_Environmental.uasset" 107
"../../../Engine/Content/EngineDebugMaterials/DebugEditorMaterial.uasset" 108
"../../../Engine/Content/EngineDebugMaterials/DebugMeshMaterial.uasset" 109
"../../../Engine/Content/EngineDebugMaterials/M_SimpleUnlitTranslucent.uasset" 110
"../../../Engine/Content/EngineDebugMaterials/VolumeToRender.uasset" 111
"../../../Engine/Content/Functions/Engine_MaterialFunctions02/Utility/CameraDirectionVector.uasset" 112
"../../../Engine/Content/EngineDebugMaterials/M_VolumeRenderSphereTracePP.uasset" 113
"../../../Engine/Content/Functions/Engine_MaterialFunctions01/Shading/ConvertFromDiffSpec.uasset" 114
"../../../Engine/Content/EngineDebugMaterials/VertexColorMaterial.uasset" 115
"../../../Engine/Content/EngineDebugMaterials/WireframeMaterial.uasset" 116
"../../../Engine/Content/EngineFonts/Faces/RobotoRegular.uasset" 117
"../../../Engine/Content/EngineFonts/Faces/RobotoLight.uasset" 118
"../../../Engine/Content/EngineFonts/Faces/RobotoItalic.uasset" 119
"../../../Engine/Content/EngineFonts/Faces/RobotoBoldItalic.uasset" 120
"../../../Engine/Content/EngineFonts/Faces/RobotoBold.uasset" 121
"../../../Engine/Content/EngineFonts/Faces/DroidSansFallback.uasset" 122
"../../../Engine/Content/EngineFonts/Roboto.uasset" 123
"../../../Engine/Content/EngineMaterials/BaseFlattenGrayscaleMap.uasset" 124
"../../../Engine/Content/EngineMaterials/BaseFlattenEmissiveMap.uasset" 125
"../../../Engine/Content/EngineMaterials/BaseFlattenDiffuseMap.uasset" 126
"../../../Engine/Content/EngineMaterials/BaseFlattenNormalMap.uasset" 127
"../../../Engine/Content/EngineMaterials/BaseFlattenMaterial.uasset" 128
"../../../Engine/Content/EngineMaterials/BlueNoise.uasset" 129
"../../../Engine/Content/EngineMaterials/DefaultBloomKernel.uasset" 130
"../../../Engine/Content/EngineMaterials/DefaultBokeh.uasset" 131
"../../../Engine/Content/EngineMaterials/DefaultDiffuse.uasset" 132
"../../../Engine/Content/EngineMaterials/DefaultDeferredDecalMaterial.uasset" 133
"../../../Engine/Content/EngineMaterials/DefaultLightFunctionMaterial.uasset" 134
"../../../Engine/Content/EngineMaterials/DefaultPhysicalMaterial.uasset" 135
"../../../Engine/Content/Functions/Engine_MaterialFunctions02/Utility/BreakOutFloat2Components.uasset" 136
"../../../Engine/Content/EngineMaterials/DefaultPostProcessMaterial.uasset" 137
"../../../Engine/Content/EngineFonts/RobotoDistanceField.uasset" 138
"../../../Engine/Content/EngineMaterials/DefaultTextMaterialOpaque.uasset" 139
"../../../Engine/Content/EngineMaterials/DefaultWhiteGrid.uasset" 140
"../../../Engine/Content/EngineMaterials/DefaultWhiteGrid_Low.uasset" 141
"../../../Engine/Content/EngineMaterials/EmissiveMeshMaterial.uasset" 142
"../../../Engine/Content/EngineMaterials/GizmoMaterial.uasset" 143
"../../../Engine/Content/EngineMaterials/Good64x64TilingNoiseHighFreq.uasset" 144
"../../../Engine/Content/EngineMaterials/MiniFont.uasset" 145
"../../../Engine/Content/EngineMaterials/InvalidLightmapSettings.uasset" 146
"../../../Engine/Content/EngineMaterials/M_InvalidLightmapSettings.uasset" 147
"../../../Engine/Content/Functions/Engine_MaterialFunctions02/WorldPositionOffset/CameraOffset.uasset" 148
"../../../Engine/Content/EngineMaterials/PhAT_JointLimitMaterial.uasset" 149
"../../../Engine/Content/EngineMaterials/PreintegratedSkinBRDF.uasset" 150
"../../../Engine/Content/EngineMaterials/RemoveSurfaceMaterial.uasset" 151
"../../../Engine/Content/EngineMaterials/WeightMapPlaceholderTexture.uasset" 152
"../../../Engine/Content/EngineResources/WhiteSquareTexture.uasset" 153
"../../../Engine/Content/EngineMaterials/Widget3DPassThrough.uasset" 154
"../../../Engine/Content/EngineMaterials/Widget3DPassThrough_Masked.uasset" 155
"../../../Engine/Content/EngineMaterials/Widget3DPassThrough_Opaque.uasset" 156
"../../../Engine/Content/EngineMaterials/Widget3DPassThrough_Masked_OneSided.uasset" 157
"../../../Engine/Content/EngineMaterials/Widget3DPassThrough_Opaque_OneSided.uasset" 158
"../../../Engine/Content/EngineMaterials/Widget3DPassThrough_Translucent.uasset" 159
"../../../Engine/Content/EngineMaterials/Widget3DPassThrough_Translucent_OneSided.uasset" 160
"../../../Engine/Content/EngineMeshes/Cylinder.uasset" 161
"../../../Engine/Content/EngineMeshes/Sphere.uasset" 162
"../../../Engine/Content/EngineResources/Black.uasset" 163
"../../../Engine/Content/EngineResources/DefaultTextureCube.uasset" 164
"../../../Engine/Content/EngineResources/DefaultVolumeTexture2D.uasset" 165
"../../../Engine/Content/EngineResources/DefaultVolumeTexture.uasset" 166
"../../../Engine/Content/EngineResources/GradientTexture0.uasset" 167
"../../../Engine/Content/EngineSky/VolumetricClouds/T_NoiseShape64.uasset" 168
"../../../Engine/Content/EngineSky/VolumetricClouds/T_VolumeNoiseShape64.uasset" 169
"../../../Engine/Content/EngineSky/VolumetricClouds/T_NoiseErosion.uasset" 170
"../../../Engine/Content/EngineSky/VolumetricClouds/T_VolumeNoiseErosion32.uasset" 171
"../../../Engine/Content/EngineSky/VolumetricClouds/CloudWeatherTexture.uasset" 172
"../../../Engine/Content/EngineSky/VolumetricClouds/CloudGradientTexture.uasset" 173
"../../../Engine/Content/Functions/Engine_MaterialFunctions02/Utility/MakeFloat2.uasset" 174
"../../../Engine/Content/EngineSky/VolumetricClouds/m_SimpleVolumetricCloud.uasset" 175
"../../../Engine/Content/EngineSky/VolumetricClouds/m_SimpleVolumetricCloud_Inst.uasset" 176
"../../../Engine/Content/EngineSounds/Master.uasset" 177
"../../../Engine/Content/Functions/Engine_MaterialFunctions01/Shading/PowerToRoughness.uasset" 178
"../../../Engine/Content/Maps/Templates/Thumbnails/Default.uasset" 179
"../../../Engine/Content/Maps/Templates/Thumbnails/TimeOfDay.uasset" 180
"../../../Engine/Content/Maps/Templates/Thumbnails/VR-Basic.uasset" 181
"../../../Engine/Content/MobileResources/T_MobileControls_texture.uasset" 182
"../../../Engine/Content/MobileResources/T_MobileMenu2.uasset" 183
"../../../Engine/Content/MobileResources/HUD/AnalogHat.uasset" 184
"../../../Engine/Content/MobileResources/HUD/VirtualJoystick_Thumb.uasset" 185
"../../../Engine/Content/MobileResources/HUD/VirtualJoystick_Background.uasset" 186
"../../../Engine/Content/MobileResources/HUD/DefaultVirtualJoysticks.uasset" 187
"../../../Engine/Content/MobileResources/HUD/LeftVirtualJoystickOnly.uasset" 188
"../../../Engine/Content/MobileResources/HUD/MobileHUDButton1_off.uasset" 189
"../../../Engine/Content/MobileResources/HUD/MobileHUDButton1_on.uasset" 190
"../../../Engine/Content/MobileResources/HUD/MobileHUDButton2_off.uasset" 191
"../../../Engine/Content/MobileResources/HUD/MobileHUDButton2_on.uasset" 192
"../../../Engine/Content/MobileResources/HUD/MobileHUDButton3.uasset" 193
"../../../Engine/Content/MobileResources/HUD/MobileHUDButtonFire.uasset" 194
"../../../Engine/Content/MobileResources/HUD/MobileHUDDirectionPad.uasset" 195
"../../../Engine/Content/MobileResources/HUD/MobileHUDDirectionPad2.uasset" 196
"../../../Engine/Content/MobileResources/HUD/MobileHUDDirectionPad3.uasset" 197
"../../../Engine/Content/MobileResources/HUD/MobileHUDDirectionStick.uasset" 198
"../../../Engine/Content/MobileResources/HUD/T_Castle_ThumbstickInner.uasset" 199
"../../../Engine/Content/MobileResources/HUD/T_Castle_ThumbstickOutter.uasset" 200
"../../../Engine/Content/Tutorial/ContentIntroCurve.uasset" 201
"../../../Engine/Content/Tutorial/Basics/ContentBrowserOverview.uasset" 202
"../../../Engine/Content/Tutorial/Basics/FeaturePacks.uasset" 203
"../../../Engine/Content/Tutorial/Basics/LevelEditorAttract.uasset" 204
"../../../Engine/Content/Tutorial/Basics/TutorialAssets/icon_tab_Levels_40x.uasset" 205
"../../../Engine/Content/Tutorial/Basics/LevelEditorOverview.uasset" 206
"../../../Engine/Content/Tutorial/Basics/TutorialAssets/CameraActor_64x.uasset" 207
"../../../Engine/Content/Tutorial/Basics/ViewportsTutorial.uasset" 208
"../../../Engine/Content/Tutorial/Mobile/TutorialAssets/IOS.uasset" 209
"../../../Engine/Content/Tutorial/Mobile/CreatingSigningCertAndProvisionTutorial.uasset" 210
"../../../Engine/Content/VREditor/Sounds/VR_confirm.uasset" 211
"../../../Engine/Content/VREditor/Sounds/VR_negative.uasset" 212
"../../../Engine/Content/VREditor/TransformGizmo/TranslucentTransformGizmoMaterial.uasset" 213
"../../../Engine/Content/VREditor/LaserPointer/VR_LaserPower_01.uasset" 214
"../../../Engine/Content/VREditor/TransformGizmo/TransformGizmoMaterial.uasset" 215
"../../../Engine/Content/VREditor/TransformGizmo/BoundingBoxCorner.uasset" 216
"../../../Engine/Content/VREditor/TransformGizmo/BoundingBoxEdge.uasset" 217
"../../../Engine/Content/VREditor/TransformGizmo/PlaneTranslationHandle.uasset" 218
"../../../Engine/Content/VREditor/TransformGizmo/Xray.uasset" 219
"../../../Engine/Content/VREditor/TransformGizmo/Main.uasset" 220
"../../../Engine/Content/VREditor/TransformGizmo/SM_Sequencer_Key.uasset" 221
"../../../Engine/Content/VREditor/TransformGizmo/SM_Sequencer_Node.uasset" 222
"../../Plugins/2D/Paper2D/Content/PlaceholderTextures/DummySpriteTexture.uasset" 223
"../../Plugins/2D/Paper2D/Content/DummySprite.uasset" 224
"../../Plugins/2D/Paper2D/Content/DefaultPaperTerrainMaterial.uasset" 225
"../../Plugins/2D/Paper2D/Content/DefaultSpriteMaterial.uasset" 226
"../../Plugins/2D/Paper2D/Content/MaskedUnlitSpriteMaterial.uasset" 227
"../../Plugins/2D/Paper2D/Content/OpaqueUnlitSpriteMaterial.uasset" 228
"../../../Engine/Content/Functions/Engine_MaterialFunctions02/Utility/BreakOutFloat3Components.uasset" 229
"../../Plugins/Editor/SpeedTreeImporter/Content/SpeedTree9/UnpackInteger3.uasset" 230
"../../Plugins/Editor/SpeedTreeImporter/Content/SpeedTree9/UnpackDirection.uasset" 231
"../../Plugins/Editor/SpeedTreeImporter/Content/SpeedTree9/game_wind_noise.uasset" 232
"../../../Engine/Content/Functions/Engine_MaterialFunctions02/SafeNormalize.uasset" 233
"../../Plugins/Editor/SpeedTreeImporter/Content/SpeedTree9/SpeedTreeWindMotion.uasset" 234
"../../Plugins/Editor/SpeedTreeImporter/Content/SpeedTree9/SpeedTreeBranchMotion.uasset" 235
"../../../Engine/Content/Functions/Engine_MaterialFunctions02/ObjectLocalBounds.uasset" 236
"../../../Engine/Content/Functions/Engine_MaterialFunctions02/UVs/BoundingBoxBased_0-1_UVW.uasset" 237
"../../Plugins/Editor/SpeedTreeImporter/Content/SpeedTree9/SpeedTreeWind.uasset" 238
"../../Plugins/Editor/SpeedTreeImporter/Content/SpeedTree9/SpeedTreeBillboard.uasset" 239
"../../../Engine/Content/EngineResources/DefaultTexture.uasset" 240
"../../Plugins/Editor/SpeedTreeImporter/Content/SpeedTree9/SpeedTreeBillboardMaster.uasset" 241
"../../Plugins/Editor/SpeedTreeImporter/Content/SpeedTree9/SpeedTreeCameraFacing.uasset" 242
"../../Plugins/Editor/SpeedTreeImporter/Content/SpeedTree9/SpeedTreeMaster.uasset" 243
"../../../Engine/Content/ArtTools/RenderToTexture/Materials/Debug/M_Emissive_Color.uasset" 244
"../../Plugins/Lumin/MagicLeapPassableWorld/Content/MagicLeapARPinInfoActor.uasset" 245
"../../../Engine/Content/Functions/Engine_MaterialFunctions02/Utility/BreakOutFloat4Components.uasset" 246
"../../../Engine/Content/Functions/Engine_MaterialFunctions02/Utility/MakeFloat3.uasset" 247
"../../Plugins/Runtime/Oculus/OculusVR/Content/Materials/OculusMR_ChromaKey.uasset" 248
"../../Plugins/Runtime/Oculus/OculusVR/Content/Materials/OculusMR_OpaqueColoredMaterial.uasset" 249
"../../Plugins/Runtime/Oculus/OculusVR/Content/Materials/PokeAHoleMaterial.uasset" 250
"../../../../../../Users/mizukami/Documents/LostTreasures/LostTreasures/Content/FirstPerson/Textures/lost_Treasures_Game_Logo_PNG.uasset" 251
"../../../../../../Users/mizukami/Documents/LostTreasures/LostTreasures/Content/FirstPerson/Blueprints/W_PauseMenu.uasset" 252
"../../../../../../Users/mizukami/Documents/LostTreasures/LostTreasures/Content/FirstPerson/Blueprints/W_MainMenu.uasset" 253
"../../../../../../Users/mizukami/Documents/LostTreasures/LostTreasures/Content/FirstPerson/Textures/FirstPersonCrosshair.uasset" 254
"../../../../../../Users/mizukami/Documents/LostTreasures/LostTreasures/Content/FirstPersonBP/Blueprints/FirstPersonHUD.uasset" 255
"../../../../../../Users/mizukami/Documents/LostTreasures/LostTreasures/Content/FirstPersonBP/Blueprints/FirstPersonGameMode.uasset" 256
"../../../../../../Users/mizukami/Documents/LostTreasures/LostTreasures/Content/FirstPerson/Meshes/M_Platinum.uasset" 257
"../../../../../../Users/mizukami/Documents/LostTreasures/LostTreasures/Content/FirstPerson/Meshes/M_Gold.uasset" 258
"../../../../../../Users/mizukami/Documents/LostTreasures/LostTreasures/Content/FirstPerson/Meshes/M_Copper.uasset" 259
"../../../Engine/Content/VREditor/Sounds/VR_confirm_Cue.uasset" 260
"../../../Engine/Content/VREditor/Sounds/VR_click1.uasset" 261
"../../../Engine/Content/EditorSounds/GamePreview/PossessPlayer.uasset" 262
"../../../Engine/Content/BasicShapes/Cone.uasset" 263
"../../../../../../Users/mizukami/Documents/LostTreasures/LostTreasures/Content/FirstPerson/Meshes/M_Ignition_Off.uasset" 264
"../../../../../../Users/mizukami/Documents/LostTreasures/LostTreasures/Content/FirstPerson/Meshes/M_WayFinder_Screen.uasset" 265
"../../../../../../Users/mizukami/Documents/LostTreasures/LostTreasures/Content/FirstPerson/Meshes/M_Ignition_On.uasset" 266
"../../../Engine/Content/VREditor/Sounds/UI/Enter_Simulate.uasset" 267
"../../../Engine/Content/MapTemplates/Materials/BasicTemplateMaterial.uasset" 268
"../../Plugins/Enterprise/DatasmithContent/Content/Materials/FBXImporter/VRED/VREDRepeatMode.uasset" 269
"../../../Engine/Content/Functions/Engine_MaterialFunctions02/Texturing/CustomRotator.uasset" 270
"../../Plugins/Enterprise/DatasmithContent/Content/Materials/FBXImporter/VRED/UVMapping.uasset" 271
"../../../Engine/Content/Functions/Engine_MaterialFunctions02/WorldPositionOffset/LocalPosition.uasset" 272
"../../../Engine/Content/Functions/Engine_MaterialFunctions02/Utility/VectorLength.uasset" 273
"../../../Engine/Content/Functions/Engine_MaterialFunctions02/WorldPositionOffset/ObjectScale.uasset" 274
"../../Plugins/Enterprise/DatasmithContent/Content/Materials/FBXImporter/VRED/TriplanarMapping.uasset" 275
"../../Plugins/Enterprise/DatasmithContent/Content/Materials/FBXImporter/VRED/PlanarMapping.uasset" 276
"../../Plugins/Enterprise/DatasmithContent/Content/Materials/FBXImporter/VRED/VREDTextureRead.uasset" 277
"../../../Engine/Content/Functions/Engine_MaterialFunctions01/Texturing/FlattenNormal.uasset" 278
"../../Plugins/Enterprise/DatasmithContent/Content/Materials/FBXImporter/VRED/ProcessNormal.uasset" 279
"../../../Engine/Content/Functions/Engine_MaterialFunctions02/ExampleContent/Textures/DebugNumberPeriod.uasset" 280
"../../../Engine/Content/Functions/Engine_MaterialFunctions02/ExampleContent/DebugNumberStrip.uasset" 281
"../../../Engine/Content/Functions/Engine_MaterialFunctions01/Texturing/TextureCropping.uasset" 282
"../../../Engine/Content/Functions/Engine_MaterialFunctions01/Texturing/ComputeMipLevel.uasset" 283
"../../../Engine/Content/Functions/Engine_MaterialFunctions02/Utility/DebugScalarValues.uasset" 284
"../../../Engine/Content/Functions/Engine_MaterialFunctions02/Utility/DebugFloat3Values.uasset" 285
"../../../Engine/Content/Functions/Engine_MaterialFunctions02/Math/RGBtoHSV.uasset" 286
"../../../Engine/Content/Functions/Engine_MaterialFunctions01/Texturing/BakedDisplacement.uasset" 287
"../../../Engine/Content/Functions/Engine_MaterialFunctions02/Fresnel_Function.uasset" 288
"../../Plugins/Enterprise/DatasmithContent/Content/Materials/FBXImporter/VRED/Glass.uasset" 289
"../../../Engine/Content/VREditor/Sounds/VR_negative_Cue.uasset" 290
"../../../../../../Users/mizukami/Documents/LostTreasures/LostTreasures/Content/FirstPerson/Meshes/M_Silver.uasset" 291
"../../../../../../Users/mizukami/Documents/LostTreasures/LostTreasures/Content/FirstPerson/Blueprints/BP_Barrel.uasset" 292
"../../../../../../Users/mizukami/Documents/LostTreasures/LostTreasures/Content/FirstPerson/Blueprints/BP_TreasureHaul.uasset" 293
"../../../../../../Users/mizukami/Documents/LostTreasures/LostTreasures/Content/FirstPerson/Blueprints/BP_Throttle.uasset" 294
"../../../../../../Users/mizukami/Documents/LostTreasures/LostTreasures/Content/FirstPerson/Blueprints/BP_Boat.uasset" 295
"../../../../../../Users/mizukami/Documents/LostTreasures/LostTreasures/Content/FirstPerson/Blueprints/BP_WayFinder.uasset" 296
"../../../../../../Users/mizukami/Documents/LostTreasures/LostTreasures/Content/FirstPerson/Blueprints/BP_MagnetCrane.uasset" 297
"../../../../../../Users/mizukami/Documents/LostTreasures/LostTreasures/Content/FirstPerson/Blueprints/BP_Treasure.uasset" 298
"../../../../../../Users/mizukami/Documents/LostTreasures/LostTreasures/Content/FirstPerson/Audio/FirstPersonTemplateWeaponFire02.uasset" 299
"../../../Engine/Content/BasicShapes/Sphere.uasset" 300
"../../../../../../Users/mizukami/Documents/LostTreasures/LostTreasures/Content/FirstPerson/Meshes/FirstPersonProjectileMaterial.uasset" 301
"../../../../../../Users/mizukami/Documents/LostTreasures/LostTreasures/Content/FirstPerson/Meshes/FirstPersonProjectileMesh.uasset" 302
"../../../../../../Users/mizukami/Documents/LostTreasures/LostTreasures/Content/FirstPersonBP/Blueprints/FirstPersonProjectile.uasset" 303
"../../../../../../Users/mizukami/Documents/LostTreasures/LostTreasures/Content/FirstPerson/Animations/FirstPerson_Fire.uasset" 304
"../../../../../../Users/mizukami/Documents/LostTreasures/LostTreasures/Content/FirstPerson/Animations/FirstPersonFire_Montage.uasset" 305
"../../../../../../Users/mizukami/Documents/LostTreasures/LostTreasures/Content/FirstPersonBP/Blueprints/FirstPersonCharacter.uasset" 306
"../../../../../../Users/mizukami/Documents/LostTreasures/LostTreasures/Content/Geometry/Meshes/1M_Cube.uasset" 307
"../../../Engine/Content/EngineSky/T_Sky_Stars.uasset" 308
"../../../Engine/Content/EngineSky/T_Sky_Clouds_M.uasset" 309
"../../../Engine/Content/EngineSky/T_Sky_Blue.uasset" 310
"../../../Engine/Content/EngineSky/M_Sky_Panning_Clouds2.uasset" 311
"../../../../../../Users/mizukami/Documents/LostTreasures/LostTreasures/Content/FirstPersonBP/Maps/Ocean_BuiltData.uasset" 312
"../../../Engine/Content/EngineSky/SM_SkySphere.uasset" 313
"../../../Engine/Content/EngineSky/C_Sky_Zenith_Color.uasset" 314
"../../../Engine/Content/EngineSky/C_Sky_Horizon_Color.uasset" 315
"../../../Engine/Content/EngineSky/C_Sky_Cloud_Color.uasset" 316
"../../../Engine/Content/EngineSky/BP_Sky_Sphere.uasset" 317
"../../../Engine/Content/Functions/Engine_MaterialFunctions02/ExampleContent/Textures/water_n.uasset" 318
"../../../Engine/Content/Functions/Engine_MaterialFunctions02/Math/DeriveNormalZ_Function.uasset" 319
"../../../../../../Users/mizukami/Documents/LostTreasures/LostTreasures/Content/FirstPerson/Meshes/Ocean_Mat.uasset" 320
"../../../../../../Users/mizukami/Documents/LostTreasures/LostTreasures/Content/FirstPersonBP/Maps/Ocean.umap" 321
"../../../Engine/Content/Maps/Entry_BuiltData.uasset" 322
"../../../Engine/Content/Maps/Entry.umap" 323
